<?xml version="1.0" encoding="UTF-8"?>
<testsuite xmlns:xsi="http://www.w3.org/2001/XMLSchema-instance" xsi:noNamespaceSchemaLocation="https://maven.apache.org/surefire/maven-surefire-plugin/xsd/surefire-test-report-3.0.xsd" version="3.0" name="Solver.SolverCypherTest" time="6.741" tests="0" errors="0" skipped="0" failures="0">
  <properties>
    <property name="java.specification.version" value="22"/>
    <property name="sun.cpu.isalist" value="amd64"/>
    <property name="sun.jnu.encoding" value="Cp1252"/>
    <property name="java.class.path" value="D:\cours\M1FSI\projet\Projet RGPD\Projet RGPD\Pauline_stage_gdpr-github\gdpr-compliance-main\target\test-classes;D:\cours\M1FSI\projet\Projet RGPD\Projet RGPD\Pauline_stage_gdpr-github\gdpr-compliance-main\target\classes;C:\Users\R I B\.m2\repository\commons-io\commons-io\2.6\commons-io-2.6.jar;C:\Users\R I B\.m2\repository\com\github\SWI-Prolog\packages-jpl\V8.3.2\packages-jpl-V8.3.2.jar;C:\Users\R I B\.m2\repository\junit\junit\4.12\junit-4.12.jar;C:\Users\R I B\.m2\repository\org\hamcrest\hamcrest-core\1.3\hamcrest-core-1.3.jar;C:\Users\R I B\.m2\repository\org\slf4j\slf4j-api\1.7.25\slf4j-api-1.7.25.jar;C:\Users\R I B\.m2\repository\org\openjfx\javafx-controls\19\javafx-controls-19-win.jar;C:\Users\R I B\.m2\repository\org\openjfx\javafx-graphics\19\javafx-graphics-19.jar;C:\Users\R I B\.m2\repository\org\openjfx\javafx-graphics\19\javafx-graphics-19-win.jar;C:\Users\R I B\.m2\repository\org\openjfx\javafx-base\19\javafx-base-19.jar;C:\Users\R I B\.m2\repository\org\openjfx\javafx-base\19\javafx-base-19-win.jar;C:\Users\R I B\.m2\repository\org\openjfx\javafx-controls\19\javafx-controls-19-linux.jar;C:\Users\R I B\.m2\repository\org\openjfx\javafx-controls\19\javafx-controls-19-mac.jar;C:\Users\R I B\.m2\repository\org\openjfx\javafx-web\19\javafx-web-19-win.jar;C:\Users\R I B\.m2\repository\org\openjfx\javafx-controls\19\javafx-controls-19.jar;C:\Users\R I B\.m2\repository\org\openjfx\javafx-media\19\javafx-media-19.jar;C:\Users\R I B\.m2\repository\org\openjfx\javafx-media\19\javafx-media-19-win.jar;C:\Users\R I B\.m2\repository\org\openjfx\javafx-web\19\javafx-web-19-linux.jar;C:\Users\R I B\.m2\repository\org\openjfx\javafx-web\19\javafx-web-19-mac.jar;C:\Users\R I B\.m2\repository\org\openjfx\javafx-fxml\19\javafx-fxml-19-win.jar;C:\Users\R I B\.m2\repository\org\openjfx\javafx-fxml\19\javafx-fxml-19-linux.jar;C:\Users\R I B\.m2\repository\org\openjfx\javafx-fxml\19\javafx-fxml-19-mac.jar;C:\Users\R I B\.m2\repository\org\neo4j\driver\neo4j-java-driver\5.21.0\neo4j-java-driver-5.21.0.jar;C:\Users\R I B\.m2\repository\org\reactivestreams\reactive-streams\1.0.4\reactive-streams-1.0.4.jar;C:\Users\R I B\.m2\repository\io\netty\netty-handler\4.1.110.Final\netty-handler-4.1.110.Final.jar;C:\Users\R I B\.m2\repository\io\netty\netty-common\4.1.110.Final\netty-common-4.1.110.Final.jar;C:\Users\R I B\.m2\repository\io\netty\netty-resolver\4.1.110.Final\netty-resolver-4.1.110.Final.jar;C:\Users\R I B\.m2\repository\io\netty\netty-buffer\4.1.110.Final\netty-buffer-4.1.110.Final.jar;C:\Users\R I B\.m2\repository\io\netty\netty-transport\4.1.110.Final\netty-transport-4.1.110.Final.jar;C:\Users\R I B\.m2\repository\io\netty\netty-transport-native-unix-common\4.1.110.Final\netty-transport-native-unix-common-4.1.110.Final.jar;C:\Users\R I B\.m2\repository\io\netty\netty-codec\4.1.110.Final\netty-codec-4.1.110.Final.jar;C:\Users\R I B\.m2\repository\io\netty\netty-tcnative-classes\2.0.65.Final\netty-tcnative-classes-2.0.65.Final.jar;C:\Users\R I B\.m2\repository\io\projectreactor\reactor-core\3.6.6\reactor-core-3.6.6.jar;C:\Users\R I B\.m2\repository\org\neo4j\neo4j-bolt\5.21.0\neo4j-bolt-5.21.0.jar;C:\Users\R I B\.m2\repository\org\neo4j\neo4j-cypher\5.21.0\neo4j-cypher-5.21.0.jar;C:\Users\R I B\.m2\repository\org\neo4j\annotations\5.21.0\annotations-5.21.0.jar;C:\Users\R I B\.m2\repository\org\scala-lang\scala-library\2.13.11\scala-library-2.13.11.jar;C:\Users\R I B\.m2\repository\org\scala-lang\scala-reflect\2.13.11\scala-reflect-2.13.11.jar;C:\Users\R I B\.m2\repository\org\neo4j\neo4j-dbms\5.21.0\neo4j-dbms-5.21.0.jar;C:\Users\R I B\.m2\repository\org\neo4j\neo4j-command-line\5.21.0\neo4j-command-line-5.21.0.jar;C:\Users\R I B\.m2\repository\info\picocli\picocli\4.7.5\picocli-4.7.5.jar;C:\Users\R I B\.m2\repository\org\neo4j\neo4j-lucene-index\5.21.0\neo4j-lucene-index-5.21.0.jar;C:\Users\R I B\.m2\repository\org\apache\lucene\lucene-analysis-common\9.10.0\lucene-analysis-common-9.10.0.jar;C:\Users\R I B\.m2\repository\org\apache\lucene\lucene-core\9.10.0\lucene-core-9.10.0.jar;C:\Users\R I B\.m2\repository\org\apache\lucene\lucene-queryparser\9.10.0\lucene-queryparser-9.10.0.jar;C:\Users\R I B\.m2\repository\org\apache\lucene\lucene-backward-codecs\9.10.0\lucene-backward-codecs-9.10.0.jar;C:\Users\R I B\.m2\repository\org\jprocesses\jProcesses\1.6.5\jProcesses-1.6.5.jar;C:\Users\R I B\.m2\repository\com\profesorfalken\WMI4Java\1.6.3\WMI4Java-1.6.3.jar;C:\Users\R I B\.m2\repository\com\profesorfalken\jPowerShell\3.0\jPowerShell-3.0.jar;C:\Users\R I B\.m2\repository\org\apache\commons\commons-compress\1.26.1\commons-compress-1.26.1.jar;C:\Users\R I B\.m2\repository\org\apache\commons\commons-text\1.12.0\commons-text-1.12.0.jar;C:\Users\R I B\.m2\repository\org\apache\commons\commons-configuration2\2.10.1\commons-configuration2-2.10.1.jar;C:\Users\R I B\.m2\repository\commons-logging\commons-logging\1.3.0\commons-logging-1.3.0.jar;C:\Users\R I B\.m2\repository\org\neo4j\licensing-proxy\zstd-proxy\5.21.0\zstd-proxy-5.21.0.jar;C:\Users\R I B\.m2\repository\com\github\luben\zstd-jni\1.5.6-3\zstd-jni-1.5.6-3.jar;C:\Users\R I B\.m2\repository\org\neo4j\neo4j-security\5.21.0\neo4j-security-5.21.0.jar;C:\Users\R I B\.m2\repository\org\neo4j\neo4j-codegen\5.21.0\neo4j-codegen-5.21.0.jar;C:\Users\R I B\.m2\repository\org\ow2\asm\asm\9.7\asm-9.7.jar;C:\Users\R I B\.m2\repository\org\ow2\asm\asm-util\9.7\asm-util-9.7.jar;C:\Users\R I B\.m2\repository\org\ow2\asm\asm-analysis\9.7\asm-analysis-9.7.jar;C:\Users\R I B\.m2\repository\org\ow2\asm\asm-tree\9.7\asm-tree-9.7.jar;C:\Users\R I B\.m2\repository\org\neo4j\neo4j-cypher-physical-planning\5.21.0\neo4j-cypher-physical-planning-5.21.0.jar;C:\Users\R I B\.m2\repository\org\neo4j\neo4j-exceptions\5.21.0\neo4j-exceptions-5.21.0.jar;C:\Users\R I B\.m2\repository\org\neo4j\neo4j-util\5.21.0\neo4j-util-5.21.0.jar;C:\Users\R I B\.m2\repository\org\neo4j\neo4j-cypher-config\5.21.0\neo4j-cypher-config-5.21.0.jar;C:\Users\R I B\.m2\repository\com\softwaremill\magnolia1_2\magnolia_2.13\1.1.8\magnolia_2.13-1.1.8.jar;C:\Users\R I B\.m2\repository\org\neo4j\neo4j-cypher-cache\5.21.0\neo4j-cypher-cache-5.21.0.jar;C:\Users\R I B\.m2\repository\org\neo4j\neo4j-cypher-planner\5.21.0\neo4j-cypher-planner-5.21.0.jar;C:\Users\R I B\.m2\repository\org\scala-lang\modules\scala-collection-contrib_2.13\0.3.0\scala-collection-contrib_2.13-0.3.0.jar;C:\Users\R I B\.m2\repository\org\neo4j\neo4j-notifications\5.21.0\neo4j-notifications-5.21.0.jar;C:\Users\R I B\.m2\repository\org\neo4j\neo4j-ast\5.21.0\neo4j-ast-5.21.0.jar;C:\Users\R I B\.m2\repository\org\neo4j\neo4j-gql-status\5.21.0\neo4j-gql-status-5.21.0.jar;C:\Users\R I B\.m2\repository\org\neo4j\neo4j-cypher-ir\5.21.0\neo4j-cypher-ir-5.21.0.jar;C:\Users\R I B\.m2\repository\org\neo4j\neo4j-expressions\5.21.0\neo4j-expressions-5.21.0.jar;C:\Users\R I B\.m2\repository\org\neo4j\neo4j-front-end\5.21.0\neo4j-front-end-5.21.0.jar;C:\Users\R I B\.m2\repository\org\neo4j\cypher-v5-ast-factory\5.21.0\cypher-v5-ast-factory-5.21.0.jar;C:\Users\R I B\.m2\repository\org\neo4j\cypher-v5-antlr-parser\5.21.0\cypher-v5-antlr-parser-5.21.0.jar;C:\Users\R I B\.m2\repository\org\antlr\antlr4-runtime\4.13.1\antlr4-runtime-4.13.1.jar;C:\Users\R I B\.m2\repository\org\neo4j\cypher-antlr-common\5.21.0\cypher-antlr-common-5.21.0.jar;C:\Users\R I B\.m2\repository\org\neo4j\cypher-v5-parser-listener\5.21.0\cypher-v5-parser-listener-5.21.0.jar;C:\Users\R I B\.m2\repository\org\neo4j\cypher-antlr-ast-common\5.21.0\cypher-antlr-ast-common-5.21.0.jar;C:\Users\R I B\.m2\repository\org\neo4j\cypher-parser-ast-common\5.21.0\cypher-parser-ast-common-5.21.0.jar;C:\Users\R I B\.m2\repository\org\neo4j\neo4j-rewriting\5.21.0\neo4j-rewriting-5.21.0.jar;C:\Users\R I B\.m2\repository\org\neo4j\neo4j-cypher-logical-plans\5.21.0\neo4j-cypher-logical-plans-5.21.0.jar;C:\Users\R I B\.m2\repository\org\neo4j\neo4j-cypher-expression-evaluator\5.21.0\neo4j-cypher-expression-evaluator-5.21.0.jar;C:\Users\R I B\.m2\repository\org\neo4j\neo4j-cypher-macros\5.21.0\neo4j-cypher-macros-5.21.0.jar;C:\Users\R I B\.m2\repository\org\neo4j\neo4j-cypher-javacc-parser\5.21.0\neo4j-cypher-javacc-parser-5.21.0.jar;C:\Users\R I B\.m2\repository\org\neo4j\cypher-ast-factory\5.21.0\cypher-ast-factory-5.21.0.jar;C:\Users\R I B\.m2\repository\org\neo4j\cypher-parser-common\5.21.0\cypher-parser-common-5.21.0.jar;C:\Users\R I B\.m2\repository\org\neo4j\neo4j-cypher-ast-factory\5.21.0\neo4j-cypher-ast-factory-5.21.0.jar;C:\Users\R I B\.m2\repository\org\neo4j\neo4j-cypher-rendering\5.21.0\neo4j-cypher-rendering-5.21.0.jar;C:\Users\R I B\.m2\repository\com\github\ben-manes\caffeine\caffeine\3.1.8\caffeine-3.1.8.jar;C:\Users\R I B\.m2\repository\org\neo4j\neo4j-cypher-planner-spi\5.21.0\neo4j-cypher-planner-spi-5.21.0.jar;C:\Users\R I B\.m2\repository\org\neo4j\neo4j-schema\5.21.0\neo4j-schema-5.21.0.jar;C:\Users\R I B\.m2\repository\org\neo4j\neo4j-lock\5.21.0\neo4j-lock-5.21.0.jar;C:\Users\R I B\.m2\repository\org\neo4j\neo4j-cypher-runtime-util\5.21.0\neo4j-cypher-runtime-util-5.21.0.jar;C:\Users\R I B\.m2\repository\org\neo4j\neo4j-cypher-interpreted-runtime\5.21.0\neo4j-cypher-interpreted-runtime-5.21.0.jar;C:\Users\R I B\.m2\repository\org\neo4j\neo4j-csv\5.21.0\neo4j-csv-5.21.0.jar;C:\Users\R I B\.m2\repository\org\neo4j\neo4j-graph-algo\5.21.0\neo4j-graph-algo-5.21.0.jar;C:\Users\R I B\.m2\repository\org\neo4j\neo4j-cypher-slotted-runtime\5.21.0\neo4j-cypher-slotted-runtime-5.21.0.jar;C:\Users\R I B\.m2\repository\org\apache\shiro\shiro-core\2.0.0\shiro-core-2.0.0.jar;C:\Users\R I B\.m2\repository\org\apache\shiro\shiro-lang\2.0.0\shiro-lang-2.0.0.jar;C:\Users\R I B\.m2\repository\org\apache\shiro\shiro-cache\2.0.0\shiro-cache-2.0.0.jar;C:\Users\R I B\.m2\repository\org\apache\shiro\shiro-crypto-hash\2.0.0\shiro-crypto-hash-2.0.0.jar;C:\Users\R I B\.m2\repository\org\apache\shiro\shiro-crypto-core\2.0.0\shiro-crypto-core-2.0.0.jar;C:\Users\R I B\.m2\repository\org\apache\shiro\crypto\shiro-hashes-argon2\2.0.0\shiro-hashes-argon2-2.0.0.jar;C:\Users\R I B\.m2\repository\org\apache\shiro\crypto\shiro-hashes-bcrypt\2.0.0\shiro-hashes-bcrypt-2.0.0.jar;C:\Users\R I B\.m2\repository\org\apache\shiro\shiro-crypto-cipher\2.0.0\shiro-crypto-cipher-2.0.0.jar;C:\Users\R I B\.m2\repository\org\apache\shiro\shiro-config-core\2.0.0\shiro-config-core-2.0.0.jar;C:\Users\R I B\.m2\repository\org\apache\shiro\shiro-event\2.0.0\shiro-event-2.0.0.jar;C:\Users\R I B\.m2\repository\commons-codec\commons-codec\1.17.0\commons-codec-1.17.0.jar;C:\Users\R I B\.m2\repository\org\bitbucket\inkytonik\kiama\kiama_2.13\2.5.1\kiama_2.13-2.5.1.jar;C:\Users\R I B\.m2\repository\org\neo4j\neo4j-values\5.21.0\neo4j-values-5.21.0.jar;C:\Users\R I B\.m2\repository\org\neo4j\neo4j-graphdb-api\5.21.0\neo4j-graphdb-api-5.21.0.jar;C:\Users\R I B\.m2\repository\org\neo4j\neo4j-resource\5.21.0\neo4j-resource-5.21.0.jar;C:\Users\R I B\.m2\repository\org\neo4j\neo4j-unsafe\5.21.0\neo4j-unsafe-5.21.0.jar;C:\Users\R I B\.m2\repository\net\java\dev\jna\jna\5.14.0\jna-5.14.0.jar;C:\Users\R I B\.m2\repository\org\neo4j\neo4j-kernel\5.21.0\neo4j-kernel-5.21.0.jar;C:\Users\R I B\.m2\repository\org\neo4j\neo4j-native\5.21.0\neo4j-native-5.21.0.jar;C:\Users\R I B\.m2\repository\org\neo4j\neo4j-kernel-api\5.21.0\neo4j-kernel-api-5.21.0.jar;C:\Users\R I B\.m2\repository\org\neo4j\neo4j-procedure-api\5.21.0\neo4j-procedure-api-5.21.0.jar;C:\Users\R I B\.m2\repository\org\neo4j\neo4j-monitoring\5.21.0\neo4j-monitoring-5.21.0.jar;C:\Users\R I B\.m2\repository\org\neo4j\neo4j-diagnostics\5.21.0\neo4j-diagnostics-5.21.0.jar;C:\Users\R I B\.m2\repository\org\neo4j\neo4j-token-api\5.21.0\neo4j-token-api-5.21.0.jar;C:\Users\R I B\.m2\repository\org\neo4j\neo4j-storage-engine-util\5.21.0\neo4j-storage-engine-util-5.21.0.jar;C:\Users\R I B\.m2\repository\org\neo4j\neo4j-common\5.21.0\neo4j-common-5.21.0.jar;C:\Users\R I B\.m2\repository\org\neo4j\neo4j-collections\5.21.0\neo4j-collections-5.21.0.jar;C:\Users\R I B\.m2\repository\org\neo4j\neo4j-io\5.21.0\neo4j-io-5.21.0.jar;C:\Users\R I B\.m2\repository\org\neo4j\neo4j-concurrent\5.21.0\neo4j-concurrent-5.21.0.jar;C:\Users\R I B\.m2\repository\org\neo4j\neo4j-logging\5.21.0\neo4j-logging-5.21.0.jar;C:\Users\R I B\.m2\repository\org\codehaus\jettison\jettison\1.5.4\jettison-1.5.4.jar;C:\Users\R I B\.m2\repository\org\apache\logging\log4j\log4j-api\2.20.0\log4j-api-2.20.0.jar;C:\Users\R I B\.m2\repository\org\apache\logging\log4j\log4j-core\2.20.0\log4j-core-2.20.0.jar;C:\Users\R I B\.m2\repository\org\apache\logging\log4j\log4j-layout-template-json\2.20.0\log4j-layout-template-json-2.20.0.jar;C:\Users\R I B\.m2\repository\org\neo4j\neo4j-configuration\5.21.0\neo4j-configuration-5.21.0.jar;C:\Users\R I B\.m2\repository\com\github\seancfoley\ipaddress\5.5.0\ipaddress-5.5.0.jar;C:\Users\R I B\.m2\repository\org\neo4j\neo4j-layout\5.21.0\neo4j-layout-5.21.0.jar;C:\Users\R I B\.m2\repository\org\neo4j\neo4j-index\5.21.0\neo4j-index-5.21.0.jar;C:\Users\R I B\.m2\repository\org\neo4j\neo4j-spatial-index\5.21.0\neo4j-spatial-index-5.21.0.jar;C:\Users\R I B\.m2\repository\org\neo4j\neo4j-fulltext-index\5.21.0\neo4j-fulltext-index-5.21.0.jar;C:\Users\R I B\.m2\repository\org\neo4j\neo4j-id-generator\5.21.0\neo4j-id-generator-5.21.0.jar;C:\Users\R I B\.m2\repository\org\neo4j\neo4j-wal\5.21.0\neo4j-wal-5.21.0.jar;C:\Users\R I B\.m2\repository\org\neo4j\neo4j-import-util\5.21.0\neo4j-import-util-5.21.0.jar;C:\Users\R I B\.m2\repository\org\neo4j\neo4j-cloud\5.21.0\neo4j-cloud-5.21.0.jar;C:\Users\R I B\.m2\repository\org\eclipse\collections\eclipse-collections\11.1.0\eclipse-collections-11.1.0.jar;C:\Users\R I B\.m2\repository\org\eclipse\collections\eclipse-collections-api\11.1.0\eclipse-collections-api-11.1.0.jar;C:\Users\R I B\.m2\repository\org\jctools\jctools-core\4.0.3\jctools-core-4.0.3.jar;C:\Users\R I B\.m2\repository\org\neo4j\neo4j-ssl\5.21.0\neo4j-ssl-5.21.0.jar;C:\Users\R I B\.m2\repository\org\neo4j\server-api\5.21.0\server-api-5.21.0.jar;C:\Users\R I B\.m2\repository\jakarta\ws\rs\jakarta.ws.rs-api\2.1.6\jakarta.ws.rs-api-2.1.6.jar;C:\Users\R I B\.m2\repository\io\netty\netty-codec-http\4.1.110.Final\netty-codec-http-4.1.110.Final.jar;C:\Users\R I B\.m2\repository\io\netty\netty-transport-native-epoll\4.1.110.Final\netty-transport-native-epoll-4.1.110.Final-linux-x86_64.jar;C:\Users\R I B\.m2\repository\io\netty\netty-transport-classes-epoll\4.1.110.Final\netty-transport-classes-epoll-4.1.110.Final.jar;C:\Users\R I B\.m2\repository\io\netty\netty-transport-native-epoll\4.1.110.Final\netty-transport-native-epoll-4.1.110.Final-linux-aarch_64.jar;C:\Users\R I B\.m2\repository\io\netty\netty-transport-native-kqueue\4.1.110.Final\netty-transport-native-kqueue-4.1.110.Final-osx-x86_64.jar;C:\Users\R I B\.m2\repository\io\netty\netty-transport-classes-kqueue\4.1.110.Final\netty-transport-classes-kqueue-4.1.110.Final.jar;C:\Users\R I B\.m2\repository\io\netty\netty-transport-native-kqueue\4.1.110.Final\netty-transport-native-kqueue-4.1.110.Final-osx-aarch_64.jar;C:\Users\R I B\.m2\repository\org\apache\commons\commons-lang3\3.14.0\commons-lang3-3.14.0.jar;C:\Users\R I B\.m2\repository\ch\qos\logback\logback-classic\1.5.6\logback-classic-1.5.6.jar;C:\Users\R I B\.m2\repository\ch\qos\logback\logback-core\1.5.6\logback-core-1.5.6.jar;C:\Users\R I B\.m2\repository\org\junit\jupiter\junit-jupiter-api\5.13.1\junit-jupiter-api-5.13.1.jar;C:\Users\R I B\.m2\repository\org\opentest4j\opentest4j\1.3.0\opentest4j-1.3.0.jar;C:\Users\R I B\.m2\repository\org\junit\platform\junit-platform-commons\1.13.1\junit-platform-commons-1.13.1.jar;C:\Users\R I B\.m2\repository\org\apiguardian\apiguardian-api\1.1.2\apiguardian-api-1.1.2.jar;C:\Users\R I B\.m2\repository\org\junit\jupiter\junit-jupiter-engine\5.13.1\junit-jupiter-engine-5.13.1.jar;C:\Users\R I B\.m2\repository\org\junit\platform\junit-platform-engine\1.13.1\junit-platform-engine-1.13.1.jar;C:\Users\R I B\.m2\repository\org\mockito\mockito-core\5.11.0\mockito-core-5.11.0.jar;C:\Users\R I B\.m2\repository\net\bytebuddy\byte-buddy\1.14.12\byte-buddy-1.14.12.jar;C:\Users\R I B\.m2\repository\net\bytebuddy\byte-buddy-agent\1.14.12\byte-buddy-agent-1.14.12.jar;C:\Users\R I B\.m2\repository\org\objenesis\objenesis\3.3\objenesis-3.3.jar;"/>
    <property name="java.vm.vendor" value="Amazon.com Inc."/>
    <property name="sun.arch.data.model" value="64"/>
    <property name="user.variant" value=""/>
    <property name="java.vendor.url" value="https://aws.amazon.com/corretto/"/>
    <property name="user.timezone" value="Europe/Paris"/>
    <property name="os.name" value="Windows 11"/>
    <property name="java.vm.specification.version" value="22"/>
    <property name="sun.java.launcher" value="SUN_STANDARD"/>
    <property name="user.country" value="FR"/>
    <property name="sun.boot.library.path" value="C:\Users\R I B\.jdks\corretto-22.0.2\bin"/>
    <property name="sun.java.command" value="C:\Users\R I B\AppData\Local\Temp\surefire6044868939005596859\surefirebooter-20250622170214241_3.jar C:\Users\R I B\AppData\Local\Temp\surefire6044868939005596859 2025-06-22T17-02-13_981-jvmRun1 surefire-20250622170214241_1tmp surefire_0-20250622170214241_2tmp"/>
    <property name="jdk.debug" value="release"/>
    <property name="surefire.test.class.path" value="D:\cours\M1FSI\projet\Projet RGPD\Projet RGPD\Pauline_stage_gdpr-github\gdpr-compliance-main\target\test-classes;D:\cours\M1FSI\projet\Projet RGPD\Projet RGPD\Pauline_stage_gdpr-github\gdpr-compliance-main\target\classes;C:\Users\R I B\.m2\repository\commons-io\commons-io\2.6\commons-io-2.6.jar;C:\Users\R I B\.m2\repository\com\github\SWI-Prolog\packages-jpl\V8.3.2\packages-jpl-V8.3.2.jar;C:\Users\R I B\.m2\repository\junit\junit\4.12\junit-4.12.jar;C:\Users\R I B\.m2\repository\org\hamcrest\hamcrest-core\1.3\hamcrest-core-1.3.jar;C:\Users\R I B\.m2\repository\org\slf4j\slf4j-api\1.7.25\slf4j-api-1.7.25.jar;C:\Users\R I B\.m2\repository\org\openjfx\javafx-controls\19\javafx-controls-19-win.jar;C:\Users\R I B\.m2\repository\org\openjfx\javafx-graphics\19\javafx-graphics-19.jar;C:\Users\R I B\.m2\repository\org\openjfx\javafx-graphics\19\javafx-graphics-19-win.jar;C:\Users\R I B\.m2\repository\org\openjfx\javafx-base\19\javafx-base-19.jar;C:\Users\R I B\.m2\repository\org\openjfx\javafx-base\19\javafx-base-19-win.jar;C:\Users\R I B\.m2\repository\org\openjfx\javafx-controls\19\javafx-controls-19-linux.jar;C:\Users\R I B\.m2\repository\org\openjfx\javafx-controls\19\javafx-controls-19-mac.jar;C:\Users\R I B\.m2\repository\org\openjfx\javafx-web\19\javafx-web-19-win.jar;C:\Users\R I B\.m2\repository\org\openjfx\javafx-controls\19\javafx-controls-19.jar;C:\Users\R I B\.m2\repository\org\openjfx\javafx-media\19\javafx-media-19.jar;C:\Users\R I B\.m2\repository\org\openjfx\javafx-media\19\javafx-media-19-win.jar;C:\Users\R I B\.m2\repository\org\openjfx\javafx-web\19\javafx-web-19-linux.jar;C:\Users\R I B\.m2\repository\org\openjfx\javafx-web\19\javafx-web-19-mac.jar;C:\Users\R I B\.m2\repository\org\openjfx\javafx-fxml\19\javafx-fxml-19-win.jar;C:\Users\R I B\.m2\repository\org\openjfx\javafx-fxml\19\javafx-fxml-19-linux.jar;C:\Users\R I B\.m2\repository\org\openjfx\javafx-fxml\19\javafx-fxml-19-mac.jar;C:\Users\R I B\.m2\repository\org\neo4j\driver\neo4j-java-driver\5.21.0\neo4j-java-driver-5.21.0.jar;C:\Users\R I B\.m2\repository\org\reactivestreams\reactive-streams\1.0.4\reactive-streams-1.0.4.jar;C:\Users\R I B\.m2\repository\io\netty\netty-handler\4.1.110.Final\netty-handler-4.1.110.Final.jar;C:\Users\R I B\.m2\repository\io\netty\netty-common\4.1.110.Final\netty-common-4.1.110.Final.jar;C:\Users\R I B\.m2\repository\io\netty\netty-resolver\4.1.110.Final\netty-resolver-4.1.110.Final.jar;C:\Users\R I B\.m2\repository\io\netty\netty-buffer\4.1.110.Final\netty-buffer-4.1.110.Final.jar;C:\Users\R I B\.m2\repository\io\netty\netty-transport\4.1.110.Final\netty-transport-4.1.110.Final.jar;C:\Users\R I B\.m2\repository\io\netty\netty-transport-native-unix-common\4.1.110.Final\netty-transport-native-unix-common-4.1.110.Final.jar;C:\Users\R I B\.m2\repository\io\netty\netty-codec\4.1.110.Final\netty-codec-4.1.110.Final.jar;C:\Users\R I B\.m2\repository\io\netty\netty-tcnative-classes\2.0.65.Final\netty-tcnative-classes-2.0.65.Final.jar;C:\Users\R I B\.m2\repository\io\projectreactor\reactor-core\3.6.6\reactor-core-3.6.6.jar;C:\Users\R I B\.m2\repository\org\neo4j\neo4j-bolt\5.21.0\neo4j-bolt-5.21.0.jar;C:\Users\R I B\.m2\repository\org\neo4j\neo4j-cypher\5.21.0\neo4j-cypher-5.21.0.jar;C:\Users\R I B\.m2\repository\org\neo4j\annotations\5.21.0\annotations-5.21.0.jar;C:\Users\R I B\.m2\repository\org\scala-lang\scala-library\2.13.11\scala-library-2.13.11.jar;C:\Users\R I B\.m2\repository\org\scala-lang\scala-reflect\2.13.11\scala-reflect-2.13.11.jar;C:\Users\R I B\.m2\repository\org\neo4j\neo4j-dbms\5.21.0\neo4j-dbms-5.21.0.jar;C:\Users\R I B\.m2\repository\org\neo4j\neo4j-command-line\5.21.0\neo4j-command-line-5.21.0.jar;C:\Users\R I B\.m2\repository\info\picocli\picocli\4.7.5\picocli-4.7.5.jar;C:\Users\R I B\.m2\repository\org\neo4j\neo4j-lucene-index\5.21.0\neo4j-lucene-index-5.21.0.jar;C:\Users\R I B\.m2\repository\org\apache\lucene\lucene-analysis-common\9.10.0\lucene-analysis-common-9.10.0.jar;C:\Users\R I B\.m2\repository\org\apache\lucene\lucene-core\9.10.0\lucene-core-9.10.0.jar;C:\Users\R I B\.m2\repository\org\apache\lucene\lucene-queryparser\9.10.0\lucene-queryparser-9.10.0.jar;C:\Users\R I B\.m2\repository\org\apache\lucene\lucene-backward-codecs\9.10.0\lucene-backward-codecs-9.10.0.jar;C:\Users\R I B\.m2\repository\org\jprocesses\jProcesses\1.6.5\jProcesses-1.6.5.jar;C:\Users\R I B\.m2\repository\com\profesorfalken\WMI4Java\1.6.3\WMI4Java-1.6.3.jar;C:\Users\R I B\.m2\repository\com\profesorfalken\jPowerShell\3.0\jPowerShell-3.0.jar;C:\Users\R I B\.m2\repository\org\apache\commons\commons-compress\1.26.1\commons-compress-1.26.1.jar;C:\Users\R I B\.m2\repository\org\apache\commons\commons-text\1.12.0\commons-text-1.12.0.jar;C:\Users\R I B\.m2\repository\org\apache\commons\commons-configuration2\2.10.1\commons-configuration2-2.10.1.jar;C:\Users\R I B\.m2\repository\commons-logging\commons-logging\1.3.0\commons-logging-1.3.0.jar;C:\Users\R I B\.m2\repository\org\neo4j\licensing-proxy\zstd-proxy\5.21.0\zstd-proxy-5.21.0.jar;C:\Users\R I B\.m2\repository\com\github\luben\zstd-jni\1.5.6-3\zstd-jni-1.5.6-3.jar;C:\Users\R I B\.m2\repository\org\neo4j\neo4j-security\5.21.0\neo4j-security-5.21.0.jar;C:\Users\R I B\.m2\repository\org\neo4j\neo4j-codegen\5.21.0\neo4j-codegen-5.21.0.jar;C:\Users\R I B\.m2\repository\org\ow2\asm\asm\9.7\asm-9.7.jar;C:\Users\R I B\.m2\repository\org\ow2\asm\asm-util\9.7\asm-util-9.7.jar;C:\Users\R I B\.m2\repository\org\ow2\asm\asm-analysis\9.7\asm-analysis-9.7.jar;C:\Users\R I B\.m2\repository\org\ow2\asm\asm-tree\9.7\asm-tree-9.7.jar;C:\Users\R I B\.m2\repository\org\neo4j\neo4j-cypher-physical-planning\5.21.0\neo4j-cypher-physical-planning-5.21.0.jar;C:\Users\R I B\.m2\repository\org\neo4j\neo4j-exceptions\5.21.0\neo4j-exceptions-5.21.0.jar;C:\Users\R I B\.m2\repository\org\neo4j\neo4j-util\5.21.0\neo4j-util-5.21.0.jar;C:\Users\R I B\.m2\repository\org\neo4j\neo4j-cypher-config\5.21.0\neo4j-cypher-config-5.21.0.jar;C:\Users\R I B\.m2\repository\com\softwaremill\magnolia1_2\magnolia_2.13\1.1.8\magnolia_2.13-1.1.8.jar;C:\Users\R I B\.m2\repository\org\neo4j\neo4j-cypher-cache\5.21.0\neo4j-cypher-cache-5.21.0.jar;C:\Users\R I B\.m2\repository\org\neo4j\neo4j-cypher-planner\5.21.0\neo4j-cypher-planner-5.21.0.jar;C:\Users\R I B\.m2\repository\org\scala-lang\modules\scala-collection-contrib_2.13\0.3.0\scala-collection-contrib_2.13-0.3.0.jar;C:\Users\R I B\.m2\repository\org\neo4j\neo4j-notifications\5.21.0\neo4j-notifications-5.21.0.jar;C:\Users\R I B\.m2\repository\org\neo4j\neo4j-ast\5.21.0\neo4j-ast-5.21.0.jar;C:\Users\R I B\.m2\repository\org\neo4j\neo4j-gql-status\5.21.0\neo4j-gql-status-5.21.0.jar;C:\Users\R I B\.m2\repository\org\neo4j\neo4j-cypher-ir\5.21.0\neo4j-cypher-ir-5.21.0.jar;C:\Users\R I B\.m2\repository\org\neo4j\neo4j-expressions\5.21.0\neo4j-expressions-5.21.0.jar;C:\Users\R I B\.m2\repository\org\neo4j\neo4j-front-end\5.21.0\neo4j-front-end-5.21.0.jar;C:\Users\R I B\.m2\repository\org\neo4j\cypher-v5-ast-factory\5.21.0\cypher-v5-ast-factory-5.21.0.jar;C:\Users\R I B\.m2\repository\org\neo4j\cypher-v5-antlr-parser\5.21.0\cypher-v5-antlr-parser-5.21.0.jar;C:\Users\R I B\.m2\repository\org\antlr\antlr4-runtime\4.13.1\antlr4-runtime-4.13.1.jar;C:\Users\R I B\.m2\repository\org\neo4j\cypher-antlr-common\5.21.0\cypher-antlr-common-5.21.0.jar;C:\Users\R I B\.m2\repository\org\neo4j\cypher-v5-parser-listener\5.21.0\cypher-v5-parser-listener-5.21.0.jar;C:\Users\R I B\.m2\repository\org\neo4j\cypher-antlr-ast-common\5.21.0\cypher-antlr-ast-common-5.21.0.jar;C:\Users\R I B\.m2\repository\org\neo4j\cypher-parser-ast-common\5.21.0\cypher-parser-ast-common-5.21.0.jar;C:\Users\R I B\.m2\repository\org\neo4j\neo4j-rewriting\5.21.0\neo4j-rewriting-5.21.0.jar;C:\Users\R I B\.m2\repository\org\neo4j\neo4j-cypher-logical-plans\5.21.0\neo4j-cypher-logical-plans-5.21.0.jar;C:\Users\R I B\.m2\repository\org\neo4j\neo4j-cypher-expression-evaluator\5.21.0\neo4j-cypher-expression-evaluator-5.21.0.jar;C:\Users\R I B\.m2\repository\org\neo4j\neo4j-cypher-macros\5.21.0\neo4j-cypher-macros-5.21.0.jar;C:\Users\R I B\.m2\repository\org\neo4j\neo4j-cypher-javacc-parser\5.21.0\neo4j-cypher-javacc-parser-5.21.0.jar;C:\Users\R I B\.m2\repository\org\neo4j\cypher-ast-factory\5.21.0\cypher-ast-factory-5.21.0.jar;C:\Users\R I B\.m2\repository\org\neo4j\cypher-parser-common\5.21.0\cypher-parser-common-5.21.0.jar;C:\Users\R I B\.m2\repository\org\neo4j\neo4j-cypher-ast-factory\5.21.0\neo4j-cypher-ast-factory-5.21.0.jar;C:\Users\R I B\.m2\repository\org\neo4j\neo4j-cypher-rendering\5.21.0\neo4j-cypher-rendering-5.21.0.jar;C:\Users\R I B\.m2\repository\com\github\ben-manes\caffeine\caffeine\3.1.8\caffeine-3.1.8.jar;C:\Users\R I B\.m2\repository\org\neo4j\neo4j-cypher-planner-spi\5.21.0\neo4j-cypher-planner-spi-5.21.0.jar;C:\Users\R I B\.m2\repository\org\neo4j\neo4j-schema\5.21.0\neo4j-schema-5.21.0.jar;C:\Users\R I B\.m2\repository\org\neo4j\neo4j-lock\5.21.0\neo4j-lock-5.21.0.jar;C:\Users\R I B\.m2\repository\org\neo4j\neo4j-cypher-runtime-util\5.21.0\neo4j-cypher-runtime-util-5.21.0.jar;C:\Users\R I B\.m2\repository\org\neo4j\neo4j-cypher-interpreted-runtime\5.21.0\neo4j-cypher-interpreted-runtime-5.21.0.jar;C:\Users\R I B\.m2\repository\org\neo4j\neo4j-csv\5.21.0\neo4j-csv-5.21.0.jar;C:\Users\R I B\.m2\repository\org\neo4j\neo4j-graph-algo\5.21.0\neo4j-graph-algo-5.21.0.jar;C:\Users\R I B\.m2\repository\org\neo4j\neo4j-cypher-slotted-runtime\5.21.0\neo4j-cypher-slotted-runtime-5.21.0.jar;C:\Users\R I B\.m2\repository\org\apache\shiro\shiro-core\2.0.0\shiro-core-2.0.0.jar;C:\Users\R I B\.m2\repository\org\apache\shiro\shiro-lang\2.0.0\shiro-lang-2.0.0.jar;C:\Users\R I B\.m2\repository\org\apache\shiro\shiro-cache\2.0.0\shiro-cache-2.0.0.jar;C:\Users\R I B\.m2\repository\org\apache\shiro\shiro-crypto-hash\2.0.0\shiro-crypto-hash-2.0.0.jar;C:\Users\R I B\.m2\repository\org\apache\shiro\shiro-crypto-core\2.0.0\shiro-crypto-core-2.0.0.jar;C:\Users\R I B\.m2\repository\org\apache\shiro\crypto\shiro-hashes-argon2\2.0.0\shiro-hashes-argon2-2.0.0.jar;C:\Users\R I B\.m2\repository\org\apache\shiro\crypto\shiro-hashes-bcrypt\2.0.0\shiro-hashes-bcrypt-2.0.0.jar;C:\Users\R I B\.m2\repository\org\apache\shiro\shiro-crypto-cipher\2.0.0\shiro-crypto-cipher-2.0.0.jar;C:\Users\R I B\.m2\repository\org\apache\shiro\shiro-config-core\2.0.0\shiro-config-core-2.0.0.jar;C:\Users\R I B\.m2\repository\org\apache\shiro\shiro-event\2.0.0\shiro-event-2.0.0.jar;C:\Users\R I B\.m2\repository\commons-codec\commons-codec\1.17.0\commons-codec-1.17.0.jar;C:\Users\R I B\.m2\repository\org\bitbucket\inkytonik\kiama\kiama_2.13\2.5.1\kiama_2.13-2.5.1.jar;C:\Users\R I B\.m2\repository\org\neo4j\neo4j-values\5.21.0\neo4j-values-5.21.0.jar;C:\Users\R I B\.m2\repository\org\neo4j\neo4j-graphdb-api\5.21.0\neo4j-graphdb-api-5.21.0.jar;C:\Users\R I B\.m2\repository\org\neo4j\neo4j-resource\5.21.0\neo4j-resource-5.21.0.jar;C:\Users\R I B\.m2\repository\org\neo4j\neo4j-unsafe\5.21.0\neo4j-unsafe-5.21.0.jar;C:\Users\R I B\.m2\repository\net\java\dev\jna\jna\5.14.0\jna-5.14.0.jar;C:\Users\R I B\.m2\repository\org\neo4j\neo4j-kernel\5.21.0\neo4j-kernel-5.21.0.jar;C:\Users\R I B\.m2\repository\org\neo4j\neo4j-native\5.21.0\neo4j-native-5.21.0.jar;C:\Users\R I B\.m2\repository\org\neo4j\neo4j-kernel-api\5.21.0\neo4j-kernel-api-5.21.0.jar;C:\Users\R I B\.m2\repository\org\neo4j\neo4j-procedure-api\5.21.0\neo4j-procedure-api-5.21.0.jar;C:\Users\R I B\.m2\repository\org\neo4j\neo4j-monitoring\5.21.0\neo4j-monitoring-5.21.0.jar;C:\Users\R I B\.m2\repository\org\neo4j\neo4j-diagnostics\5.21.0\neo4j-diagnostics-5.21.0.jar;C:\Users\R I B\.m2\repository\org\neo4j\neo4j-token-api\5.21.0\neo4j-token-api-5.21.0.jar;C:\Users\R I B\.m2\repository\org\neo4j\neo4j-storage-engine-util\5.21.0\neo4j-storage-engine-util-5.21.0.jar;C:\Users\R I B\.m2\repository\org\neo4j\neo4j-common\5.21.0\neo4j-common-5.21.0.jar;C:\Users\R I B\.m2\repository\org\neo4j\neo4j-collections\5.21.0\neo4j-collections-5.21.0.jar;C:\Users\R I B\.m2\repository\org\neo4j\neo4j-io\5.21.0\neo4j-io-5.21.0.jar;C:\Users\R I B\.m2\repository\org\neo4j\neo4j-concurrent\5.21.0\neo4j-concurrent-5.21.0.jar;C:\Users\R I B\.m2\repository\org\neo4j\neo4j-logging\5.21.0\neo4j-logging-5.21.0.jar;C:\Users\R I B\.m2\repository\org\codehaus\jettison\jettison\1.5.4\jettison-1.5.4.jar;C:\Users\R I B\.m2\repository\org\apache\logging\log4j\log4j-api\2.20.0\log4j-api-2.20.0.jar;C:\Users\R I B\.m2\repository\org\apache\logging\log4j\log4j-core\2.20.0\log4j-core-2.20.0.jar;C:\Users\R I B\.m2\repository\org\apache\logging\log4j\log4j-layout-template-json\2.20.0\log4j-layout-template-json-2.20.0.jar;C:\Users\R I B\.m2\repository\org\neo4j\neo4j-configuration\5.21.0\neo4j-configuration-5.21.0.jar;C:\Users\R I B\.m2\repository\com\github\seancfoley\ipaddress\5.5.0\ipaddress-5.5.0.jar;C:\Users\R I B\.m2\repository\org\neo4j\neo4j-layout\5.21.0\neo4j-layout-5.21.0.jar;C:\Users\R I B\.m2\repository\org\neo4j\neo4j-index\5.21.0\neo4j-index-5.21.0.jar;C:\Users\R I B\.m2\repository\org\neo4j\neo4j-spatial-index\5.21.0\neo4j-spatial-index-5.21.0.jar;C:\Users\R I B\.m2\repository\org\neo4j\neo4j-fulltext-index\5.21.0\neo4j-fulltext-index-5.21.0.jar;C:\Users\R I B\.m2\repository\org\neo4j\neo4j-id-generator\5.21.0\neo4j-id-generator-5.21.0.jar;C:\Users\R I B\.m2\repository\org\neo4j\neo4j-wal\5.21.0\neo4j-wal-5.21.0.jar;C:\Users\R I B\.m2\repository\org\neo4j\neo4j-import-util\5.21.0\neo4j-import-util-5.21.0.jar;C:\Users\R I B\.m2\repository\org\neo4j\neo4j-cloud\5.21.0\neo4j-cloud-5.21.0.jar;C:\Users\R I B\.m2\repository\org\eclipse\collections\eclipse-collections\11.1.0\eclipse-collections-11.1.0.jar;C:\Users\R I B\.m2\repository\org\eclipse\collections\eclipse-collections-api\11.1.0\eclipse-collections-api-11.1.0.jar;C:\Users\R I B\.m2\repository\org\jctools\jctools-core\4.0.3\jctools-core-4.0.3.jar;C:\Users\R I B\.m2\repository\org\neo4j\neo4j-ssl\5.21.0\neo4j-ssl-5.21.0.jar;C:\Users\R I B\.m2\repository\org\neo4j\server-api\5.21.0\server-api-5.21.0.jar;C:\Users\R I B\.m2\repository\jakarta\ws\rs\jakarta.ws.rs-api\2.1.6\jakarta.ws.rs-api-2.1.6.jar;C:\Users\R I B\.m2\repository\io\netty\netty-codec-http\4.1.110.Final\netty-codec-http-4.1.110.Final.jar;C:\Users\R I B\.m2\repository\io\netty\netty-transport-native-epoll\4.1.110.Final\netty-transport-native-epoll-4.1.110.Final-linux-x86_64.jar;C:\Users\R I B\.m2\repository\io\netty\netty-transport-classes-epoll\4.1.110.Final\netty-transport-classes-epoll-4.1.110.Final.jar;C:\Users\R I B\.m2\repository\io\netty\netty-transport-native-epoll\4.1.110.Final\netty-transport-native-epoll-4.1.110.Final-linux-aarch_64.jar;C:\Users\R I B\.m2\repository\io\netty\netty-transport-native-kqueue\4.1.110.Final\netty-transport-native-kqueue-4.1.110.Final-osx-x86_64.jar;C:\Users\R I B\.m2\repository\io\netty\netty-transport-classes-kqueue\4.1.110.Final\netty-transport-classes-kqueue-4.1.110.Final.jar;C:\Users\R I B\.m2\repository\io\netty\netty-transport-native-kqueue\4.1.110.Final\netty-transport-native-kqueue-4.1.110.Final-osx-aarch_64.jar;C:\Users\R I B\.m2\repository\org\apache\commons\commons-lang3\3.14.0\commons-lang3-3.14.0.jar;C:\Users\R I B\.m2\repository\ch\qos\logback\logback-classic\1.5.6\logback-classic-1.5.6.jar;C:\Users\R I B\.m2\repository\ch\qos\logback\logback-core\1.5.6\logback-core-1.5.6.jar;C:\Users\R I B\.m2\repository\org\junit\jupiter\junit-jupiter-api\5.13.1\junit-jupiter-api-5.13.1.jar;C:\Users\R I B\.m2\repository\org\opentest4j\opentest4j\1.3.0\opentest4j-1.3.0.jar;C:\Users\R I B\.m2\repository\org\junit\platform\junit-platform-commons\1.13.1\junit-platform-commons-1.13.1.jar;C:\Users\R I B\.m2\repository\org\apiguardian\apiguardian-api\1.1.2\apiguardian-api-1.1.2.jar;C:\Users\R I B\.m2\repository\org\junit\jupiter\junit-jupiter-engine\5.13.1\junit-jupiter-engine-5.13.1.jar;C:\Users\R I B\.m2\repository\org\junit\platform\junit-platform-engine\1.13.1\junit-platform-engine-1.13.1.jar;C:\Users\R I B\.m2\repository\org\mockito\mockito-core\5.11.0\mockito-core-5.11.0.jar;C:\Users\R I B\.m2\repository\net\bytebuddy\byte-buddy\1.14.12\byte-buddy-1.14.12.jar;C:\Users\R I B\.m2\repository\net\bytebuddy\byte-buddy-agent\1.14.12\byte-buddy-agent-1.14.12.jar;C:\Users\R I B\.m2\repository\org\objenesis\objenesis\3.3\objenesis-3.3.jar;"/>
    <property name="sun.cpu.endian" value="little"/>
    <property name="user.home" value="C:\Users\R I B"/>
    <property name="user.language" value="fr"/>
    <property name="java.specification.vendor" value="Oracle Corporation"/>
    <property name="java.version.date" value="2024-07-16"/>
    <property name="java.home" value="C:\Users\R I B\.jdks\corretto-22.0.2"/>
    <property name="file.separator" value="\"/>
    <property name="basedir" value="D:\cours\M1FSI\projet\Projet RGPD\Projet RGPD\Pauline_stage_gdpr-github\gdpr-compliance-main"/>
    <property name="java.vm.compressedOopsMode" value="Zero based"/>
    <property name="line.separator" value="&#10;"/>
    <property name="java.vm.specification.vendor" value="Oracle Corporation"/>
    <property name="java.specification.name" value="Java Platform API Specification"/>
    <property name="surefire.real.class.path" value="C:\Users\R I B\AppData\Local\Temp\surefire6044868939005596859\surefirebooter-20250622170214241_3.jar"/>
    <property name="user.script" value=""/>
    <property name="sun.management.compiler" value="HotSpot 64-Bit Tiered Compilers"/>
    <property name="java.runtime.version" value="22.0.2+9-FR"/>
    <property name="user.name" value="R I B"/>
    <property name="stdout.encoding" value="Cp1252"/>
    <property name="path.separator" value=";"/>
    <property name="os.version" value="10.0"/>
    <property name="java.runtime.name" value="OpenJDK Runtime Environment"/>
    <property name="file.encoding" value="UTF-8"/>
    <property name="java.vm.name" value="OpenJDK 64-Bit Server VM"/>
    <property name="java.vendor.version" value="Corretto-22.0.2.9.1"/>
    <property name="localRepository" value="C:\Users\R I B\.m2\repository"/>
    <property name="java.vendor.url.bug" value="https://github.com/corretto/corretto-22/issues/"/>
    <property name="java.io.tmpdir" value="C:\Users\RIB~1\AppData\Local\Temp\"/>
    <property name="idea.version" value="2024.3.1"/>
    <property name="java.version" value="22.0.2"/>
    <property name="user.dir" value="D:\cours\M1FSI\projet\Projet RGPD\Projet RGPD\Pauline_stage_gdpr-github\gdpr-compliance-main"/>
    <property name="os.arch" value="amd64"/>
    <property name="java.vm.specification.name" value="Java Virtual Machine Specification"/>
    <property name="sun.os.patch.level" value=""/>
    <property name="native.encoding" value="Cp1252"/>
    <property name="java.library.path" value="C:\Users\R I B\.jdks\corretto-22.0.2\bin;C:\WINDOWS\Sun\Java\bin;C:\WINDOWS\system32;C:\WINDOWS;C:\Program Files (x86)\Common Files\Intel\Shared Libraries\redist\intel64\compiler;C:\WINDOWS\system32;C:\WINDOWS;C:\WINDOWS\System32\Wbem;C:\WINDOWS\System32\WindowsPowerShell\v1.0\;C:\WINDOWS\System32\OpenSSH\;C:\Program Files (x86)\NVIDIA Corporation\PhysX\Common;D:\programs\Git\cmd;C:\ProgramData\chocolatey\bin;C:\Program Files\dotnet\;D:\programs\nodejs\;D:\programs\cmake\bin;C:\WINDOWS\system32;C:\WINDOWS;C:\WINDOWS\System32\Wbem;C:\WINDOWS\System32\WindowsPowerShell\v1.0\;C:\WINDOWS\System32\OpenSSH\;C:\Program Files\Vagrant\bin;C:\Program Files\Docker\Docker\resources\bin;D:\programs\GTK3-Runtime Win64\bin;C:\Users\R I B\AppData\Local\Programs\Python\Python310\Scripts\;C:\Users\R I B\AppData\Local\Programs\Python\Python310\;C:\Users\R I B\AppData\Local\Microsoft\WindowsApps;C:\Users\R I B\AppData\Local\Programs\Fiddler;C:\Users\R I B\AppData\Local\JetBrains\Toolbox\scripts;D:\programs\Mongo_DB\bin;D:\programs\IntelliJ IDEA Community Edition 2022.2.3\bin;;C:\Users\R I B\PyCharm Community Edition 2022.2.4\bin;;C:\Program Files\Java\jdk-19\bin;D:\programs\src\flutter\bin;C:\Program Files\Tesseract-OCR;C:\Users\R I B\AppData\Roaming\npm;D:\programs\CodeBlocks\MinGW\bin;C:\Users\R I B\.gradle\wrapper\dists\gradle-8.10.1-bin\e90i968nv55tch01zkse4avv3\gradle-8.10.1\bin;C:\Users\R I B\.jdks\corretto-22.0.2\bin;D:\programs\cygwin\bin;D:\programs\Oracle\VirtualBox;C:\Users\R I B\AppData\Local\Microsoft\WindowsApps;D:\cours\M1FSI\semestre2\analyse_des_progs\TP\TP3\proverifbin2.05\proverif2.05;D:\programs\Microsoft VS Code\bin;D:\programs\swipl;D:\programs\swipl\bin;D:\programs\sqlite-tools-win-x64-3500100;;."/>
    <property name="java.vm.info" value="mixed mode, sharing"/>
    <property name="stderr.encoding" value="Cp1252"/>
    <property name="java.vendor" value="Amazon.com Inc."/>
    <property name="java.vm.version" value="22.0.2+9-FR"/>
    <property name="sun.io.unicode.encoding" value="UnicodeLittle"/>
    <property name="java.class.version" value="66.0"/>
  </properties>
</testsuite>